<?xml version="1.0" encoding="UTF-8"?>
<!-- Generated by org.testng.reporters.JUnitReportReporter -->
<testsuite skipped="0" hostname="sheetal-Vostro-3580" name="API.POST_Request" tests="2" failures="0" timestamp="2019-12-24T10:52:47 IST" time="1.988" errors="0">
  <testcase name="Post_Signup" time="0.208" classname="API.POST_Request"/>
  <testcase name="PostUser" time="1.780" classname="API.POST_Request"/>
</testsuite> <!-- API.POST_Request -->
