<?xml version="1.0" encoding="UTF-8"?>
<!-- Generated by org.testng.reporters.JUnitReportReporter -->
<testsuite skipped="0" hostname="sheetal-Vostro-3580" name="API.Delete_Request" tests="2" failures="0" timestamp="2019-12-24T11:07:52 IST" time="1.224" errors="0">
  <testcase name="responsebody" time="0.058" classname="API.Delete_Request"/>
  <testcase name="Delete" time="1.166" classname="API.Delete_Request"/>
</testsuite> <!-- API.Delete_Request -->
