<?xml version="1.0" encoding="UTF-8"?>
<!-- Generated by org.testng.reporters.JUnitReportReporter -->
<testsuite skipped="0" hostname="DESKTOP-3HB8IKU" name="API.Delete_Request" tests="2" failures="0" timestamp="23 May 2019 11:58:51 GMT" time="0.982" errors="0">
  <testcase name="Delete" time="0.904" classname="API.Delete_Request"/>
  <testcase name="responsebody" time="0.078" classname="API.Delete_Request"/>
</testsuite> <!-- API.Delete_Request -->
