<?xml version="1.0" encoding="UTF-8"?>
<!-- Generated by org.testng.reporters.JUnitReportReporter -->
<testsuite skipped="0" hostname="DESKTOP-3HB8IKU" name="API.POST_Request" tests="2" failures="0" timestamp="21 May 2019 05:09:49 GMT" time="1.229" errors="0">
  <testcase name="PostUser" time="1.084" classname="API.POST_Request"/>
  <testcase name="Post_Signup" time="0.145" classname="API.POST_Request"/>
</testsuite> <!-- API.POST_Request -->
