<?xml version="1.0" encoding="UTF-8"?>
<!-- Generated by org.testng.reporters.JUnitReportReporter -->
<testsuite skipped="0" hostname="sheetal-Vostro-3580" name="API.Get_Request" tests="5" failures="0" timestamp="2019-12-24T10:58:10 IST" time="1.985" errors="0">
  <testcase name="GetuserDetails" time="0.026" classname="API.Get_Request"/>
  <testcase name="PostUser" time="0.234" classname="API.Get_Request"/>
  <testcase name="GetResponseBody" time="1.510" classname="API.Get_Request"/>
  <testcase name="GetUser" time="0.029" classname="API.Get_Request"/>
  <testcase name="Post_Signup" time="0.186" classname="API.Get_Request"/>
</testsuite> <!-- API.Get_Request -->
