<?xml version="1.0" encoding="UTF-8"?>
<!-- Generated by org.testng.reporters.JUnitReportReporter -->
<testsuite skipped="0" hostname="DESKTOP-3HB8IKU" name="API.Get_Request" tests="5" failures="0" timestamp="21 May 2019 04:36:05 GMT" time="4.177" errors="0">
  <testcase name="PostUser" time="0.539" classname="API.Get_Request"/>
  <testcase name="GetUser" time="0.040" classname="API.Get_Request"/>
  <testcase name="GetResponseBody" time="3.311" classname="API.Get_Request"/>
  <testcase name="Post_Signup" time="0.228" classname="API.Get_Request"/>
  <testcase name="GetuserDetails" time="0.059" classname="API.Get_Request"/>
</testsuite> <!-- API.Get_Request -->
